{
  "stats": {
    "suites": 1,
    "tests": 1,
    "passes": 0,
    "pending": 0,
    "failures": 1,
    "start": "2022-06-22T14:58:59.609Z",
    "end": "2022-06-22T14:59:28.909Z",
    "duration": 8192,
    "testsRegistered": 1,
    "passPercent": 0,
    "pendingPercent": 0,
    "other": 0,
    "hasOther": false,
    "skipped": 0,
    "hasSkipped": false
  },
  "results": [
    {
      "uuid": "c3b285a7-e5dd-43a0-9be3-a54cd1b7243b",
      "title": "",
      "fullFile": "cypress/e2e/automationPractice.cy.js",
      "file": "cypress/e2e/automationPractice.cy.js",
      "beforeHooks": [],
      "afterHooks": [],
      "tests": [],
      "suites": [
        {
          "uuid": "a0166c36-0c8b-4771-983a-5d892d22404d",
          "title": "Automation Practice Web",
          "fullFile": "",
          "file": "",
          "beforeHooks": [],
          "afterHooks": [],
          "tests": [],
          "suites": [
            {
              "uuid": "1143aff1-bf56-457d-9108-8eb00becd5bb",
              "title": "HomePage",
              "fullFile": "",
              "file": "",
              "beforeHooks": [],
              "afterHooks": [],
              "tests": [
                {
                  "title": "Logo",
                  "fullTitle": "Automation Practice Web HomePage Logo",
                  "timedOut": null,
                  "duration": 8192,
                  "state": "failed",
                  "speed": null,
                  "pass": false,
                  "fail": true,
                  "pending": false,
                  "context": null,
                  "code": "cy.get(_index.default.headerLogoId).should('be.visible').should('have.attr', 'href').and('contain', 'https://automationpractice.com/');\ncy.get(_index.default.headerLogoClass).should('have.attr', 'src', 'https://automationpractice.com/img/logo.jpg');",
                  "err": {
                    "message": "AssertionError: Timed out retrying after 4000ms: expected 'http://automationpractice.com/' to include 'https://automationpractice.com/'",
                    "estack": "AssertionError: Timed out retrying after 4000ms: expected 'http://automationpractice.com/' to include 'https://automationpractice.com/'\n    at Context.eval (http://automationpractice.com/__cypress/tests?p=cypress/e2e/automationPractice.cy.js:149:92)",
                    "diff": null
                  },
                  "uuid": "24fe3e26-0aba-44cc-994a-2536025688e8",
                  "parentUUID": "1143aff1-bf56-457d-9108-8eb00becd5bb",
                  "isHook": false,
                  "skipped": false
                }
              ],
              "suites": [],
              "passes": [],
              "failures": [
                "24fe3e26-0aba-44cc-994a-2536025688e8"
              ],
              "pending": [],
              "skipped": [],
              "duration": 8192,
              "root": false,
              "rootEmpty": false,
              "_timeout": 2000
            }
          ],
          "passes": [],
          "failures": [],
          "pending": [],
          "skipped": [],
          "duration": 0,
          "root": false,
          "rootEmpty": false,
          "_timeout": 2000
        }
      ],
      "passes": [],
      "failures": [],
      "pending": [],
      "skipped": [],
      "duration": 0,
      "root": true,
      "rootEmpty": true,
      "_timeout": 2000
    }
  ],
  "meta": {
    "mocha": {
      "version": "7.0.1"
    },
    "mochawesome": {
      "options": {
        "quiet": false,
        "reportFilename": "mochawesome",
        "saveHtml": false,
        "saveJson": true,
        "consoleReporter": "spec",
        "useInlineDiffs": false,
        "code": true
      },
      "version": "7.1.3"
    },
    "marge": {
      "options": {
        "id": "default",
        "reportDir": "cypress/results/mochawesome",
        "overwrite": false,
        "html": false,
        "json": true
      },
      "version": "6.2.0"
    }
  }
}